<?xml version="1.0" encoding="UTF-8"?>
<!-- Generated by org.testng.reporters.JUnitReportReporter -->
<testsuite hostname="DESKTOP-T9V6NR6" failures="0" tests="1" name="cucumberOptions.TestNGTestRunner" time="25.443" errors="0" timestamp="2025-09-10T18:29:09 IST" skipped="0">
  <testcase classname="cucumberOptions.TestNGTestRunner" name="runScenario" time="25.443"/>
</testsuite> <!-- cucumberOptions.TestNGTestRunner -->
